# JRE version: OpenJDK Runtime Environment GraalVM CE 22.3.0 (17.0.5+8) (build 17.0.5+8-jvmci-22.3-b08)
# Java VM: OpenJDK 64-Bit Server VM GraalVM CE 22.3.0 (17.0.5+8-jvmci-22.3-b08, mixed mode, sharing, tiered, jvmci, jvmci compiler, compressed oops, compressed class ptrs, parallel gc, linux-amd64)
GC Precious Log:
 CPUs: 4 total, 1 available
 Memory: 1024M
 Large Page Support: Disabled
 NUMA Support: Disabled
 Compressed Oops: Enabled (32-bit)
 Alignments: Space 512K, Generation 512K, Heap 2M
 Heap Min Capacity: 100M
 Heap Initial Capacity: 100M
 Heap Max Capacity: 512M
 Pre-touch: Disabled
 Parallel Workers: 1
Heap:
 PSYoungGen      total 23552K, used 17919K [0x00000000f5580000, 0x00000000f7480000, 0x0000000100000000)
  eden space 17920K, 99% used [0x00000000f5580000,0x00000000f66ffff0,0x00000000f6700000)
  from space 5632K, 0% used [0x00000000f6d00000,0x00000000f6d00000,0x00000000f7280000)
  to   space 6144K, 0% used [0x00000000f6700000,0x00000000f6700000,0x00000000f6d00000)
 ParOldGen       total 349696K, used 349695K [0x00000000e0000000, 0x00000000f5580000, 0x00000000f5580000)
  object space 349696K, 99% used [0x00000000e0000000,0x00000000f557ff38,0x00000000f5580000)
 Metaspace       used 63747K, committed 64896K, reserved 1114112K
  class space    used 6256K, committed 6720K, reserved 1048576K
GC Heap History (20 events):
Event: 2221.200 GC heap before
{Heap before GC invocations=1205 (full 1090):
 PSYoungGen      total 23552K, used 17919K [0x00000000f5580000, 0x00000000f7480000, 0x0000000100000000)
  eden space 17920K, 99% used [0x00000000f5580000,0x00000000f66ffff8,0x00000000f6700000)
  from space 5632K, 0% used [0x00000000f6d00000,0x00000000f6d00000,0x00000000f7280000)
  to   space 6144K, 0% used [0x00000000f6700000,0x00000000f6700000,0x00000000f6d00000)
 ParOldGen       total 349696K, used 349692K [0x00000000e0000000, 0x00000000f5580000, 0x00000000f5580000)
  object space 349696K, 99% used [0x00000000e0000000,0x00000000f557f278,0x00000000f5580000)
 Metaspace       used 63745K, committed 64896K, reserved 1114112K
  class space    used 6256K, committed 6720K, reserved 1048576K
}
Event: 2223.119 GC heap after
{Heap after GC invocations=1205 (full 1090):
 PSYoungGen      total 24064K, used 17919K [0x00000000f5580000, 0x00000000f7480000, 0x0000000100000000)
  eden space 17920K, 99% used [0x00000000f5580000,0x00000000f66ffd58,0x00000000f6700000)
  from space 6144K, 0% used [0x00000000f6700000,0x00000000f6700000,0x00000000f6d00000)
  to   space 5632K, 0% used [0x00000000f6d00000,0x00000000f6d00000,0x00000000f7280000)
 ParOldGen       total 349696K, used 349692K [0x00000000e0000000, 0x00000000f5580000, 0x00000000f5580000)
  object space 349696K, 99% used [0x00000000e0000000,0x00000000f557f278,0x00000000f5580000)
 Metaspace       used 63745K, committed 64896K, reserved 1114112K
  class space    used 6256K, committed 6720K, reserved 1048576K
}
Event: 2223.119 GC heap before
{Heap before GC invocations=1206 (full 1091):
 PSYoungGen      total 24064K, used 17919K [0x00000000f5580000, 0x00000000f7480000, 0x0000000100000000)
  eden space 17920K, 99% used [0x00000000f5580000,0x00000000f66ffff8,0x00000000f6700000)
  from space 6144K, 0% used [0x00000000f6700000,0x00000000f6700000,0x00000000f6d00000)
  to   space 5632K, 0% used [0x00000000f6d00000,0x00000000f6d00000,0x00000000f7280000)
 ParOldGen       total 349696K, used 349692K [0x00000000e0000000, 0x00000000f5580000, 0x00000000f5580000)
  object space 349696K, 99% used [0x00000000e0000000,0x00000000f557f278,0x00000000f5580000)
 Metaspace       used 63745K, committed 64896K, reserved 1114112K
  class space    used 6256K, committed 6720K, reserved 1048576K
}
Event: 2224.854 GC heap after
{Heap after GC invocations=1206 (full 1091):
 PSYoungGen      total 23552K, used 17919K [0x00000000f5580000, 0x00000000f7480000, 0x0000000100000000)
  eden space 17920K, 99% used [0x00000000f5580000,0x00000000f66fffe0,0x00000000f6700000)
  from space 5632K, 0% used [0x00000000f6d00000,0x00000000f6d00000,0x00000000f7280000)
  to   space 6144K, 0% used [0x00000000f6700000,0x00000000f6700000,0x00000000f6d00000)
 ParOldGen       total 349696K, used 349692K [0x00000000e0000000, 0x00000000f5580000, 0x00000000f5580000)
  object space 349696K, 99% used [0x00000000e0000000,0x00000000f557f278,0x00000000f5580000)
 Metaspace       used 63745K, committed 64896K, reserved 1114112K
  class space    used 6256K, committed 6720K, reserved 1048576K
}
Event: 2224.855 GC heap before
{Heap before GC invocations=1207 (full 1092):
 PSYoungGen      total 23552K, used 17919K [0x00000000f5580000, 0x00000000f7480000, 0x0000000100000000)
  eden space 17920K, 99% used [0x00000000f5580000,0x00000000f66ffff8,0x00000000f6700000)
  from space 5632K, 0% used [0x00000000f6d00000,0x00000000f6d00000,0x00000000f7280000)
  to   space 6144K, 0% used [0x00000000f6700000,0x00000000f6700000,0x00000000f6d00000)
 ParOldGen       total 349696K, used 349692K [0x00000000e0000000, 0x00000000f5580000, 0x00000000f5580000)
  object space 349696K, 99% used [0x00000000e0000000,0x00000000f557f278,0x00000000f5580000)
 Metaspace       used 63745K, committed 64896K, reserved 1114112K
  class space    used 6256K, committed 6720K, reserved 1048576K
}
Event: 2227.639 GC heap after
{Heap after GC invocations=1207 (full 1092):
 PSYoungGen      total 24064K, used 17919K [0x00000000f5580000, 0x00000000f7480000, 0x0000000100000000)
  eden space 17920K, 99% used [0x00000000f5580000,0x00000000f66ffff8,0x00000000f6700000)
  from space 6144K, 0% used [0x00000000f6700000,0x00000000f6700000,0x00000000f6d00000)
  to   space 5632K, 0% used [0x00000000f6d00000,0x00000000f6d00000,0x00000000f7280000)
 ParOldGen       total 349696K, used 349692K [0x00000000e0000000, 0x00000000f5580000, 0x00000000f5580000)
  object space 349696K, 99% used [0x00000000e0000000,0x00000000f557f278,0x00000000f5580000)
 Metaspace       used 63745K, committed 64896K, reserved 1114112K
  class space    used 6256K, committed 6720K, reserved 1048576K
}
Event: 2227.645 GC heap before
{Heap before GC invocations=1208 (full 1093):
 PSYoungGen      total 24064K, used 17919K [0x00000000f5580000, 0x00000000f7480000, 0x0000000100000000)
  eden space 17920K, 99% used [0x00000000f5580000,0x00000000f66ffff8,0x00000000f6700000)
  from space 6144K, 0% used [0x00000000f6700000,0x00000000f6700000,0x00000000f6d00000)
  to   space 5632K, 0% used [0x00000000f6d00000,0x00000000f6d00000,0x00000000f7280000)
 ParOldGen       total 349696K, used 349694K [0x00000000e0000000, 0x00000000f5580000, 0x00000000f5580000)
  object space 349696K, 99% used [0x00000000e0000000,0x00000000f557f8a8,0x00000000f5580000)
 Metaspace       used 63745K, committed 64896K, reserved 1114112K
  class space    used 6256K, committed 6720K, reserved 1048576K
}
Event: 2229.618 GC heap after
{Heap after GC invocations=1208 (full 1093):
 PSYoungGen      total 23552K, used 17919K [0x00000000f5580000, 0x00000000f7480000, 0x0000000100000000)
  eden space 17920K, 99% used [0x00000000f5580000,0x00000000f66fffc8,0x00000000f6700000)
  from space 5632K, 0% used [0x00000000f6d00000,0x00000000f6d00000,0x00000000f7280000)
  to   space 6144K, 0% used [0x00000000f6700000,0x00000000f6700000,0x00000000f6d00000)
 ParOldGen       total 349696K, used 349694K [0x00000000e0000000, 0x00000000f5580000, 0x00000000f5580000)
  object space 349696K, 99% used [0x00000000e0000000,0x00000000f557f8a8,0x00000000f5580000)
 Metaspace       used 63745K, committed 64896K, reserved 1114112K
  class space    used 6256K, committed 6720K, reserved 1048576K
}
Event: 2229.618 GC heap before
{Heap before GC invocations=1209 (full 1094):
 PSYoungGen      total 23552K, used 17919K [0x00000000f5580000, 0x00000000f7480000, 0x0000000100000000)
  eden space 17920K, 99% used [0x00000000f5580000,0x00000000f66ffff8,0x00000000f6700000)
  from space 5632K, 0% used [0x00000000f6d00000,0x00000000f6d00000,0x00000000f7280000)
  to   space 6144K, 0% used [0x00000000f6700000,0x00000000f6700000,0x00000000f6d00000)
 ParOldGen       total 349696K, used 349694K [0x00000000e0000000, 0x00000000f5580000, 0x00000000f5580000)
  object space 349696K, 99% used [0x00000000e0000000,0x00000000f557f8a8,0x00000000f5580000)
 Metaspace       used 63745K, committed 64896K, reserved 1114112K
  class space    used 6256K, committed 6720K, reserved 1048576K
}
Event: 2231.200 GC heap after
{Heap after GC invocations=1209 (full 1094):
 PSYoungGen      total 24064K, used 17919K [0x00000000f5580000, 0x00000000f7480000, 0x0000000100000000)
  eden space 17920K, 99% used [0x00000000f5580000,0x00000000f66ffff8,0x00000000f6700000)
  from space 6144K, 0% used [0x00000000f6700000,0x00000000f6700000,0x00000000f6d00000)
  to   space 5632K, 0% used [0x00000000f6d00000,0x00000000f6d00000,0x00000000f7280000)
 ParOldGen       total 349696K, used 349694K [0x00000000e0000000, 0x00000000f5580000, 0x00000000f5580000)
  object space 349696K, 99% used [0x00000000e0000000,0x00000000f557f8a8,0x00000000f5580000)
 Metaspace       used 63745K, committed 64896K, reserved 1114112K
  class space    used 6256K, committed 6720K, reserved 1048576K
}
Event: 2231.201 GC heap before
{Heap before GC invocations=1210 (full 1095):
 PSYoungGen      total 24064K, used 17919K [0x00000000f5580000, 0x00000000f7480000, 0x0000000100000000)
  eden space 17920K, 99% used [0x00000000f5580000,0x00000000f66ffff8,0x00000000f6700000)
  from space 6144K, 0% used [0x00000000f6700000,0x00000000f6700000,0x00000000f6d00000)
  to   space 5632K, 0% used [0x00000000f6d00000,0x00000000f6d00000,0x00000000f7280000)
 ParOldGen       total 349696K, used 349695K [0x00000000e0000000, 0x00000000f5580000, 0x00000000f5580000)
  object space 349696K, 99% used [0x00000000e0000000,0x00000000f557fdf8,0x00000000f5580000)
 Metaspace       used 63747K, committed 64896K, reserved 1114112K
  class space    used 6256K, committed 6720K, reserved 1048576K
}
Event: 2233.219 GC heap after
{Heap after GC invocations=1210 (full 1095):
 PSYoungGen      total 23552K, used 17919K [0x00000000f5580000, 0x00000000f7480000, 0x0000000100000000)
  eden space 17920K, 99% used [0x00000000f5580000,0x00000000f66ffff8,0x00000000f6700000)
  from space 5632K, 0% used [0x00000000f6d00000,0x00000000f6d00000,0x00000000f7280000)
  to   space 6144K, 0% used [0x00000000f6700000,0x00000000f6700000,0x00000000f6d00000)
 ParOldGen       total 349696K, used 349694K [0x00000000e0000000, 0x00000000f5580000, 0x00000000f5580000)
  object space 349696K, 99% used [0x00000000e0000000,0x00000000f557f998,0x00000000f5580000)
 Metaspace       used 63747K, committed 64896K, reserved 1114112K
  class space    used 6256K, committed 6720K, reserved 1048576K
}
Event: 2233.219 GC heap before
{Heap before GC invocations=1211 (full 1096):
 PSYoungGen      total 23552K, used 17919K [0x00000000f5580000, 0x00000000f7480000, 0x0000000100000000)
  eden space 17920K, 99% used [0x00000000f5580000,0x00000000f66ffff8,0x00000000f6700000)
  from space 5632K, 0% used [0x00000000f6d00000,0x00000000f6d00000,0x00000000f7280000)
  to   space 6144K, 0% used [0x00000000f6700000,0x00000000f6700000,0x00000000f6d00000)
 ParOldGen       total 349696K, used 349694K [0x00000000e0000000, 0x00000000f5580000, 0x00000000f5580000)
  object space 349696K, 99% used [0x00000000e0000000,0x00000000f557f9d0,0x00000000f5580000)
 Metaspace       used 63747K, committed 64896K, reserved 1114112K
  class space    used 6256K, committed 6720K, reserved 1048576K
}
Event: 2235.103 GC heap after
{Heap after GC invocations=1211 (full 1096):
 PSYoungGen      total 24064K, used 17919K [0x00000000f5580000, 0x00000000f7480000, 0x0000000100000000)
  eden space 17920K, 99% used [0x00000000f5580000,0x00000000f66ffff8,0x00000000f6700000)
  from space 6144K, 0% used [0x00000000f6700000,0x00000000f6700000,0x00000000f6d00000)
  to   space 5632K, 0% used [0x00000000f6d00000,0x00000000f6d00000,0x00000000f7280000)
 ParOldGen       total 349696K, used 349694K [0x00000000e0000000, 0x00000000f5580000, 0x00000000f5580000)
  object space 349696K, 99% used [0x00000000e0000000,0x00000000f557f9b0,0x00000000f5580000)
 Metaspace       used 63747K, committed 64896K, reserved 1114112K
  class space    used 6256K, committed 6720K, reserved 1048576K
}
Event: 2235.103 GC heap before
{Heap before GC invocations=1212 (full 1097):
 PSYoungGen      total 24064K, used 17919K [0x00000000f5580000, 0x00000000f7480000, 0x0000000100000000)
  eden space 17920K, 99% used [0x00000000f5580000,0x00000000f66ffff8,0x00000000f6700000)
  from space 6144K, 0% used [0x00000000f6700000,0x00000000f6700000,0x00000000f6d00000)
  to   space 5632K, 0% used [0x00000000f6d00000,0x00000000f6d00000,0x00000000f7280000)
 ParOldGen       total 349696K, used 349694K [0x00000000e0000000, 0x00000000f5580000, 0x00000000f5580000)
  object space 349696K, 99% used [0x00000000e0000000,0x00000000f557f9b0,0x00000000f5580000)
 Metaspace       used 63747K, committed 64896K, reserved 1114112K
  class space    used 6256K, committed 6720K, reserved 1048576K
}
Event: 2236.831 GC heap after
{Heap after GC invocations=1212 (full 1097):
 PSYoungGen      total 23552K, used 17919K [0x00000000f5580000, 0x00000000f7480000, 0x0000000100000000)
  eden space 17920K, 99% used [0x00000000f5580000,0x00000000f66fffb8,0x00000000f6700000)
  from space 5632K, 0% used [0x00000000f6d00000,0x00000000f6d00000,0x00000000f7280000)
  to   space 6144K, 0% used [0x00000000f6700000,0x00000000f6700000,0x00000000f6d00000)
 ParOldGen       total 349696K, used 349694K [0x00000000e0000000, 0x00000000f5580000, 0x00000000f5580000)
  object space 349696K, 99% used [0x00000000e0000000,0x00000000f557f998,0x00000000f5580000)
 Metaspace       used 63747K, committed 64896K, reserved 1114112K
  class space    used 6256K, committed 6720K, reserved 1048576K
}
Event: 2236.834 GC heap before
{Heap before GC invocations=1213 (full 1098):
 PSYoungGen      total 23552K, used 17919K [0x00000000f5580000, 0x00000000f7480000, 0x0000000100000000)
  eden space 17920K, 99% used [0x00000000f5580000,0x00000000f66fffb8,0x00000000f6700000)
  from space 5632K, 0% used [0x00000000f6d00000,0x00000000f6d00000,0x00000000f7280000)
  to   space 6144K, 0% used [0x00000000f6700000,0x00000000f6700000,0x00000000f6d00000)
 ParOldGen       total 349696K, used 349694K [0x00000000e0000000, 0x00000000f5580000, 0x00000000f5580000)
  object space 349696K, 99% used [0x00000000e0000000,0x00000000f557f998,0x00000000f5580000)
 Metaspace       used 63747K, committed 64896K, reserved 1114112K
  class space    used 6256K, committed 6720K, reserved 1048576K
}
Event: 2238.808 GC heap after
{Heap after GC invocations=1213 (full 1098):
 PSYoungGen      total 24064K, used 17919K [0x00000000f5580000, 0x00000000f7480000, 0x0000000100000000)
  eden space 17920K, 99% used [0x00000000f5580000,0x00000000f66fffb8,0x00000000f6700000)
  from space 6144K, 0% used [0x00000000f6700000,0x00000000f6700000,0x00000000f6d00000)
  to   space 5632K, 0% used [0x00000000f6d00000,0x00000000f6d00000,0x00000000f7280000)
 ParOldGen       total 349696K, used 349694K [0x00000000e0000000, 0x00000000f5580000, 0x00000000f5580000)
  object space 349696K, 99% used [0x00000000e0000000,0x00000000f557f998,0x00000000f5580000)
 Metaspace       used 63747K, committed 64896K, reserved 1114112K
  class space    used 6256K, committed 6720K, reserved 1048576K
}
Event: 2238.808 GC heap before
{Heap before GC invocations=1214 (full 1099):
 PSYoungGen      total 24064K, used 17919K [0x00000000f5580000, 0x00000000f7480000, 0x0000000100000000)
  eden space 17920K, 99% used [0x00000000f5580000,0x00000000f66fffb8,0x00000000f6700000)
  from space 6144K, 0% used [0x00000000f6700000,0x00000000f6700000,0x00000000f6d00000)
  to   space 5632K, 0% used [0x00000000f6d00000,0x00000000f6d00000,0x00000000f7280000)
 ParOldGen       total 349696K, used 349694K [0x00000000e0000000, 0x00000000f5580000, 0x00000000f5580000)
  object space 349696K, 99% used [0x00000000e0000000,0x00000000f557f998,0x00000000f5580000)
 Metaspace       used 63747K, committed 64896K, reserved 1114112K
  class space    used 6256K, committed 6720K, reserved 1048576K
}
Event: 2240.398 GC heap after
{Heap after GC invocations=1214 (full 1099):
 PSYoungGen      total 23552K, used 17919K [0x00000000f5580000, 0x00000000f7480000, 0x0000000100000000)
  eden space 17920K, 99% used [0x00000000f5580000,0x00000000f66fffb8,0x00000000f6700000)
  from space 5632K, 0% used [0x00000000f6d00000,0x00000000f6d00000,0x00000000f7280000)
  to   space 6144K, 0% used [0x00000000f6700000,0x00000000f6700000,0x00000000f6d00000)
 ParOldGen       total 349696K, used 349694K [0x00000000e0000000, 0x00000000f5580000, 0x00000000f5580000)
  object space 349696K, 99% used [0x00000000e0000000,0x00000000f557f998,0x00000000f5580000)
 Metaspace       used 63747K, committed 64896K, reserved 1114112K
  class space    used 6256K, committed 6720K, reserved 1048576K
}

